<?xml version="1.0" encoding="UTF-8"?>
<!-- Generated by org.testng.reporters.JUnitXMLReporter -->
<testsuite ignored="0" hostname="DESKTOP-GE7A7DT" failures="1" tests="6" name="Test" time="222.446" errors="0" timestamp="2023-10-20T08:46:57 IST">
  <testcase classname="org.Sample.TestNG.Cross_Browser.Class_Level.classC" name="tc1" time="63.784"/>
  <testcase classname="org.Sample.TestNG.Cross_Browser.Class_Level.classA" name="tc1" time="83.748"/>
  <testcase classname="org.Sample.TestNG.Cross_Browser.Class_Level.classB" name="tc1" time="115.168"/>
  <testcase classname="org.Sample.TestNG.Cross_Browser.Class_Level.classB" name="tc3" time="29.68">
    <failure type="org.openqa.selenium.WebDriverException" message="Timed out waiting for driver server to start.
Build info: version: &amp;apos;3.141.59&amp;apos;, revision: &amp;apos;e82be7d358&amp;apos;, time: &amp;apos;2018-11-14T08:17:03&amp;apos;
System info: host: &amp;apos;DESKTOP-GE7A7DT&amp;apos;, ip: &amp;apos;192.168.172.146&amp;apos;, os.name: &amp;apos;Windows 10&amp;apos;, os.arch: &amp;apos;amd64&amp;apos;, os.version: &amp;apos;10.0&amp;apos;, java.version: &amp;apos;17.0.7&amp;apos;
Driver info: driver.version: EdgeDriver">
      <![CDATA[org.openqa.selenium.WebDriverException: Timed out waiting for driver server to start.
Build info: version: '3.141.59', revision: 'e82be7d358', time: '2018-11-14T08:17:03'
System info: host: 'DESKTOP-GE7A7DT', ip: '192.168.172.146', os.name: 'Windows 10', os.arch: 'amd64', os.version: '10.0', java.version: '17.0.7'
Driver info: driver.version: EdgeDriver
at org.openqa.selenium.remote.service.DriverService.waitUntilAvailable(DriverService.java:202)
at org.openqa.selenium.remote.service.DriverService.start(DriverService.java:188)
at org.openqa.selenium.remote.service.DriverCommandExecutor.execute(DriverCommandExecutor.java:79)
at org.openqa.selenium.remote.RemoteWebDriver.execute(RemoteWebDriver.java:552)
at org.openqa.selenium.remote.RemoteWebDriver.startSession(RemoteWebDriver.java:213)
at org.openqa.selenium.remote.RemoteWebDriver.<init>(RemoteWebDriver.java:131)
at org.openqa.selenium.edge.EdgeDriver.<init>(EdgeDriver.java:141)
at org.openqa.selenium.edge.EdgeDriver.<init>(EdgeDriver.java:96)
at org.Sample.TestNG.Cross_Browser.Class_Level.classB.tc3(classB.java:14)
at java.base/java.util.concurrent.ThreadPoolExecutor.runWorker(ThreadPoolExecutor.java:1136)
at java.base/java.util.concurrent.ThreadPoolExecutor$Worker.run(ThreadPoolExecutor.java:635)
at java.base/java.lang.Thread.run(Thread.java:833)
Caused by: org.openqa.selenium.net.UrlChecker$TimeoutException: Timed out waiting for [http://localhost:32381/status] to be available after 20913 ms
at org.openqa.selenium.net.UrlChecker.waitUntilAvailable(UrlChecker.java:100)
at org.openqa.selenium.remote.service.DriverService.waitUntilAvailable(DriverService.java:197)
... 23 more
Caused by: java.util.concurrent.TimeoutException
at java.base/java.util.concurrent.FutureTask.get(FutureTask.java:204)
at com.google.common.util.concurrent.SimpleTimeLimiter.callWithTimeout(SimpleTimeLimiter.java:156)
at org.openqa.selenium.net.UrlChecker.waitUntilAvailable(UrlChecker.java:75)
... 24 more
... Removed 12 stack frames]]>
    </failure>
  </testcase> <!-- tc3 -->
  <testcase classname="org.Sample.TestNG.Cross_Browser.Class_Level.classA" name="tc3" time="136.057"/>
  <testcase classname="org.Sample.TestNG.Cross_Browser.Class_Level.classC" name="tc3" time="157.97"/>
</testsuite> <!-- Test -->
